<?xml version="1.0" encoding="UTF-8"?>
<testng-results ignored="0" total="1" passed="1" failed="0" skipped="0">
  <reporter-output>
  </reporter-output>
  <suite started-at="2025-01-28T01:25:47 IST" name="Default suite" finished-at="2025-01-28T01:25:58 IST" duration-ms="11496">
    <groups>
    </groups>
    <test started-at="2025-01-28T01:25:47 IST" name="Default test" finished-at="2025-01-28T01:25:58 IST" duration-ms="11496">
      <class name="com.framework.tests.functional.LoginTest">
        <test-method is-config="true" signature="setUp()[pri:0, instance:com.framework.tests.functional.LoginTest@44c03695]" started-at="2025-01-28T01:25:47 IST" name="setUp" finished-at="2025-01-28T01:25:56 IST" duration-ms="9194" status="PASS">
          <reporter-output>
          </reporter-output>
        </test-method> <!-- setUp -->
        <test-method signature="testValidLogin()[pri:0, instance:com.framework.tests.functional.LoginTest@44c03695]" started-at="2025-01-28T01:25:56 IST" name="testValidLogin" finished-at="2025-01-28T01:25:58 IST" duration-ms="1821" status="PASS">
          <reporter-output>
          </reporter-output>
        </test-method> <!-- testValidLogin -->
        <test-method is-config="true" signature="tearDown(org.testng.ITestResult)[pri:0, instance:com.framework.tests.functional.LoginTest@44c03695]" started-at="2025-01-28T01:25:58 IST" name="tearDown" finished-at="2025-01-28T01:25:58 IST" duration-ms="365" status="PASS">
          <params>
            <param index="0">
              <value>
                <![CDATA[[TestResult name=testValidLogin status=SUCCESS method=LoginTest.testValidLogin()[pri:0, instance:com.framework.tests.functional.LoginTest@44c03695] output={null}]]]>
              </value>
            </param>
          </params>
          <reporter-output>
          </reporter-output>
        </test-method> <!-- tearDown -->
      </class> <!-- com.framework.tests.functional.LoginTest -->
    </test> <!-- Default test -->
  </suite> <!-- Default suite -->
</testng-results>
